08:23:52.105 [localhost-startStop-1] INFO  o.s.web.context.ContextLoader - Root WebApplicationContext: initialization started 
08:23:52.285 [localhost-startStop-1] INFO  o.s.w.c.s.XmlWebApplicationContext - Refreshing Root WebApplicationContext: startup date [Wed Aug 09 08:23:52 CEST 2017]; root of context hierarchy 
08:23:52.335 [localhost-startStop-1] INFO  o.s.b.f.xml.XmlBeanDefinitionReader - Loading XML bean definitions from class path resource [appContext-core.xml] 
08:23:52.719 [localhost-startStop-1] INFO  o.s.b.f.xml.XmlBeanDefinitionReader - Loading XML bean definitions from class path resource [appContext-ofdb.xml] 
08:23:52.740 [localhost-startStop-1] INFO  o.s.b.f.xml.XmlBeanDefinitionReader - Loading XML bean definitions from class path resource [appContext-core-web.xml] 
08:23:52.758 [localhost-startStop-1] INFO  o.s.b.f.xml.XmlBeanDefinitionReader - Loading XML bean definitions from class path resource [appContext-angwebrest.xml] 
08:23:53.138 [localhost-startStop-1] INFO  o.s.b.f.c.PropertyPlaceholderConfigurer - Loading properties file from class path resource [hibernate.properties] 
08:23:53.311 [localhost-startStop-1] INFO  o.s.j.d.DriverManagerDataSource - Loaded JDBC driver: oracle.jdbc.OracleDriver 
08:23:53.673 [localhost-startStop-1] INFO  o.h.annotations.common.Version - HCANN000001: Hibernate Commons Annotations {4.0.5.Final} 
08:23:53.694 [localhost-startStop-1] INFO  org.hibernate.Version - HHH000412: Hibernate Core {4.3.6.Final} 
08:23:53.705 [localhost-startStop-1] INFO  org.hibernate.cfg.Environment - HHH000205: Loaded properties from resource hibernate.properties: {hibernate.connection.driver_class=oracle.jdbc.OracleDriver, hibernate.default_schema=KD_RRE_PROD, hibernate.cache.provider_class=org.hibernate.cache.NoCacheProvider, hibernate.current_session_context_class=thread, hibernate.dialect=org.hibernate.dialect.Oracle10gDialect, hibernate.format_sql=true, hibernate.jdbc.batch_size=0, hibernate.connection.username=sys as sysdba, hibernate.hbm2ddl.auto=validate, hibernate.connection.url=jdbc:oracle:thin:@localhost:1521:xe, hibernate.show_sql=false, hibernate.bytecode.use_reflection_optimizer=false, hibernate.connection.password=****} 
08:23:53.707 [localhost-startStop-1] INFO  org.hibernate.cfg.Environment - HHH000021: Bytecode provider name : javassist 
08:23:53.782 [localhost-startStop-1] INFO  org.hibernate.cfg.Configuration - HHH000044: Configuring from URL: jar:file:/I:/appserver/apache-tomcat-7.0.78/webapps/app.admin.angwebrest/WEB-INF/lib/core-1.0-SNAPSHOT.jar!/hibernate.cfg.xml 
08:23:53.921 [localhost-startStop-1] INFO  org.hibernate.cfg.Configuration - HHH000041: Configured SessionFactory: null 
08:23:55.339 [localhost-startStop-1] INFO  org.hibernate.dialect.Dialect - HHH000400: Using dialect: org.hibernate.dialect.Oracle10gDialect 
08:23:55.369 [localhost-startStop-1] INFO  o.h.e.j.internal.LobCreatorBuilder - HHH000424: Disabling contextual LOB creation as createClob() method threw error : java.lang.reflect.InvocationTargetException 
08:23:55.792 [localhost-startStop-1] INFO  o.h.e.t.i.TransactionFactoryInitiator - HHH000399: Using default transaction strategy (direct JDBC transactions) 
08:23:55.802 [localhost-startStop-1] INFO  o.h.h.i.a.ASTQueryTranslatorFactory - HHH000397: Using ASTQueryTranslatorFactory 
08:23:56.374 [localhost-startStop-1] INFO  o.h.tool.hbm2ddl.SchemaValidator - HHH000229: Running schema validator 
08:23:56.374 [localhost-startStop-1] INFO  o.h.tool.hbm2ddl.SchemaValidator - HHH000102: Fetching database metadata 
08:23:56.651 [localhost-startStop-1] INFO  o.h.tool.hbm2ddl.TableMetadata - HHH000261: Table found: KD_RRE_PROD.ADANSICHTENDEF 
08:23:56.651 [localhost-startStop-1] INFO  o.h.tool.hbm2ddl.TableMetadata - HHH000037: Columns: [ofdb, dsid, bezeichnung, angelegtam, benutzerid, angelegtvontemp, kopievon, ansichtid, anzahlspaltenfixiert, transaktionsid, sqlscript, sqlscripttyp, ndsxanzeigen, importid, system, angelegtvon, defaultansicht, ansicht] 
08:23:56.671 [localhost-startStop-1] INFO  o.h.tool.hbm2ddl.TableMetadata - HHH000261: Table found: KD_RRE_PROD.ADANSICHTSPALTEN 
08:23:56.671 [localhost-startStop-1] INFO  o.h.tool.hbm2ddl.TableMetadata - HHH000037: Columns: [dsid, indsbanzeigen, ansichtid, importid, ingridanzeigen, defaultwert, anzahlnachkommastellen, spalteaskey, spaltenkopf, gridid, bearbzugelassen, ausrichtung, ofdb, angelegtam, benutzerid, bearbhinzufzugelassen, transaktionsid, filter, suchspalteakey, anzeigemaske, ansichtspaltendefid, system, labeltext, angelegtvon, reihenfolge] 
08:23:56.691 [localhost-startStop-1] INFO  o.h.tool.hbm2ddl.TableMetadata - HHH000261: Table found: KD_RRE_PROD.BENUTZERBEREICHEDEF 
08:23:56.691 [localhost-startStop-1] INFO  o.h.tool.hbm2ddl.TableMetadata - HHH000037: Columns: [stornieren, hinzufuegen, beschreibung, adminautozuweis, loeschen, feld3, berechnen, feld4, feld5, importid, feld6, feld1, feld2, alleds, namegb, vergebbar, abrechnen, exportieren, ofdb, lesen, angelegtam, zuletztgeaendertam, zuletztbearbeitetvon, transaktionsid, importieren, system, unterschrift3, verschluesseln, unterschrift1, angelegtvon, unterschrift2, name, bearbeiten, passphrase, bereichsid] 
08:23:56.701 [localhost-startStop-1] INFO  o.h.tool.hbm2ddl.TableMetadata - HHH000261: Table found: KD_RRE_PROD.BENUTZERDEF 
08:23:56.701 [localhost-startStop-1] INFO  o.h.tool.hbm2ddl.TableMetadata - HHH000037: Columns: [sortareasize, hashareasize, emailaccountname, objektapid, dsid, familienname, emailantwortadresse, benutzeridvertreter, feld3, abteilung, feld4, feld5, gesperrtfuerwivo, feld6, importid, abteilungkurz, feld1, feld2, wfgpvorgangid, ofdb, passwort, vorname, angelegtam, faxnummer, zeichen, benutzername, transaktionsid, erfolgloseanmeldeversuche, objektrollenid, emailanwendung, ablaufpasswfristid, emailaccountpassword, syswartung, logdatei, system, angelegtvon, durchwahl, ablaufpasswort, passwortimmerfragen, typid, deaktiviert] 
08:23:56.721 [localhost-startStop-1] INFO  o.h.tool.hbm2ddl.TableMetadata - HHH000261: Table found: KD_RRE_PROD.BENUTZERRECHTE 
08:23:56.721 [localhost-startStop-1] INFO  o.h.tool.hbm2ddl.TableMetadata - HHH000037: Columns: [stornieren, hinzufuegen, loescheneigene, dsid, loeschen, feld3, berechnen, importid, feld1, feld2, alleds, abrechnen, bearbeiteneigenezurueck, exportieren, ofdb, lesen, benutzerid, angelegtam, transaktionsid, importieren, system, unterschrift3, unterschrift1, angelegtvon, unterschrift2, bearbeiteneigene, bearbeiten, passphrase, loescheneigenezurueck, bereichsid] 
08:23:56.722 [localhost-startStop-1] INFO  o.h.tool.hbm2ddl.TableMetadata - HHH000261: Table found: KD_RRE_PROD.FX_ANSICHTORDERBY_K 
08:23:56.722 [localhost-startStop-1] INFO  o.h.tool.hbm2ddl.TableMetadata - HHH000037: Columns: [ofdb, aufsteigend, system, dsid, angelegtvon, ansichttabid, spalteakey, tabakey, angelegtam, ansicht, reihenfolge, ansichtspaltenid] 
08:23:56.742 [localhost-startStop-1] INFO  o.h.tool.hbm2ddl.TableMetadata - HHH000261: Table found: KD_RRE_PROD.FX_ANSICHTSPALTEN_K 
08:23:56.742 [localhost-startStop-1] INFO  o.h.tool.hbm2ddl.TableMetadata - HHH000037: Columns: [suchwertaustabakey, spalteakey, wherenamesuchen, wherespalteakey, oben, tabakey, spaltenkopf, tabspeigid, wherewert, links, wheretabakey, ausrichtung, bearbzugelassen, funktion, bearbeitenin, verdeckendurchtabakey, ofdb, ansichttabid, spalte, aktualmitspalteakey, ingridladen, suchwertausspalteakey, system, tooltiptext, angelegtvon, indexbearb, ansichtdefid, eingabenotwendig, verdeckendurchspalteakey, aktualmittabakey, nichteinlesen, dsid, ansichtsuchen, aggregation, faktor, tabaspaltea, ingridanzeigen, defaultwert, breite, anzahlnachkommastellen, hoehe, enthaltenin, labelindex, angelegtam, bearbhinzufzugelassen, filter, anzeigemaske, labeltext, ansicht, indexgrid] 
08:23:56.752 [localhost-startStop-1] INFO  o.h.tool.hbm2ddl.TableMetadata - HHH000261: Table found: KD_RRE_PROD.FX_ANSICHTTAB_K 
08:23:56.752 [localhost-startStop-1] INFO  o.h.tool.hbm2ddl.TableMetadata - HHH000037: Columns: [ofdb, import, bezeichnung, dsid, angelegtam, join2spalteakey, join2tabakey, whereneuesteds, join1spalteakey, system, angelegtvon, ansichtdefid, tabakey, tabelle, jointyp, alias, ansicht, tabdefid, bearbeitenzugelassen, reihenfolge] 
08:23:56.762 [localhost-startStop-1] INFO  o.h.tool.hbm2ddl.TableMetadata - HHH000261: Table found: KD_RRE_PROD.FX_ANSICHTDEF_K 
08:23:56.762 [localhost-startStop-1] INFO  o.h.tool.hbm2ddl.TableMetadata - HHH000037: Columns: [stornieren, entfernenmehrfach, nichteinlesen, hinzufuegen, dsid, icon, ndsxanzeigen, detailansicht, hilfedatei, bezeicheinmehr, exportieren, ofdb, lesen, bezeichnung, angelegtam, entfernen, bereich, heutegueltigbeistart, kopievon, anzahlspaltenfixiert, appcontextpath, importieren, filter, sqlscript, sqlscripttyp, sortieren, hilfeid, system, urlpath, kopieren, angelegtvon, lizenz, bearbeiten, ansicht, reihenfolge, bereichsid] 
08:23:56.772 [localhost-startStop-1] INFO  o.h.tool.hbm2ddl.TableMetadata - HHH000261: Table found: KD_RRE_PROD.FX_MENUES_K 
08:23:56.772 [localhost-startStop-1] INFO  o.h.tool.hbm2ddl.TableMetadata - HHH000037: Columns: [untermenuevon, dsid, menue, typ, beschreibung, nichtanzeigen, bilddateiausgewaehlt, wherename, bilddateinormal, hilfedatei, ofdb, ebene, hauptmenueid, menueid, anzeigename, angelegtam, bereich, hilfeid, system, urlpath, angelegtvon, ansichtdefid, lizenz, ansicht, gruppe, aktiv, bereichsid] 
08:23:56.782 [localhost-startStop-1] INFO  o.h.tool.hbm2ddl.TableMetadata - HHH000261: Table found: KD_RRE_PROD.FX_TABBEZ_K 
08:23:56.783 [localhost-startStop-1] INFO  o.h.tool.hbm2ddl.TableMetadata - HHH000037: Columns: [eigschluessel, ofdb, bemerkungen, tabelleeig, bezname, dsid, angelegtam, bereichidweiterg, operator, defschluessel, indb, system, angelegtvon, wherename, uebertragen, tabelledef, reihenfolge] 
08:23:56.784 [localhost-startStop-1] INFO  o.h.tool.hbm2ddl.TableMetadata - HHH000261: Table found: KD_RRE_PROD.FX_TABDEF_K 
08:23:56.785 [localhost-startStop-1] INFO  o.h.tool.hbm2ddl.TableMetadata - HHH000037: Columns: [eindeutigerschluessel, systemtabelle, nichteinlesen, dsid, fullclassname, datenbank, abrechnungsid, abrechnungsbereichfest, tabelle, alias, dsidmax, hierarchie, ofdb, ergtabfuerabrechnung, bezeichnung, angelegtam, bereich, abrechnungsrelevant, system, angelegtvon, lizenz, abfrage, zeittyp, sicherungbearbds, stornoid, bereichsid] 
08:23:56.793 [localhost-startStop-1] INFO  o.h.tool.hbm2ddl.TableMetadata - HHH000261: Table found: KD_RRE_PROD.FX_TABSPEIG_K 
08:23:56.793 [localhost-startStop-1] INFO  o.h.tool.hbm2ddl.TableMetadata - HHH000037: Columns: [dbdatentyp, spaltentyp, ps, nichteinlesen, dsid, bearberlaubt, txteig, aenderungnachverriegelung, defaultwert, tabelle, spaltenkopf, tabdefid, systemwert, formateingabe, ofdb, zeichenmenge, angelegtam, vergleichsoperator, spalte, system, tooltiptext, angelegtvon, maximum, eindeutig, eingabenotwendig, vergleichsspalte, minimum, reihenfolge] 
08:23:56.814 [localhost-startStop-1] INFO  o.h.tool.hbm2ddl.TableMetadata - HHH000261: Table found: KD_RRE_PROD.SYSSEQUENZ 
08:23:56.814 [localhost-startStop-1] INFO  o.h.tool.hbm2ddl.TableMetadata - HHH000037: Columns: [ofdb, sequenzid, blockgroesse, angelegtam, letztebelegtenr, zuletztgeaendertam, zuletztbearbeitetvon, transaktionsid, beschreibung, inkrement, feld3, importid, system, systemds, feld1, angelegtvon, feld2, name, gesperrtvonloginid] 
08:23:57.253 [localhost-startStop-1] INFO  o.s.web.context.ContextLoader - Root WebApplicationContext: initialization completed in 5118 ms 
08:23:57.283 [localhost-startStop-1] INFO  o.s.web.servlet.DispatcherServlet - FrameworkServlet 'admin': initialization started 
08:23:57.293 [localhost-startStop-1] INFO  o.s.w.c.s.XmlWebApplicationContext - Refreshing WebApplicationContext for namespace 'admin-servlet': startup date [Wed Aug 09 08:23:57 CEST 2017]; parent: Root WebApplicationContext 
08:23:57.293 [localhost-startStop-1] INFO  o.s.b.f.xml.XmlBeanDefinitionReader - Loading XML bean definitions from ServletContext resource [/WEB-INF/admin-servlet.xml] 
08:23:57.862 [localhost-startStop-1] INFO  o.s.w.s.h.SimpleUrlHandlerMapping - Mapped URL path [/static/**] onto handler 'org.springframework.web.servlet.resource.ResourceHttpRequestHandler#0' 
08:23:57.962 [localhost-startStop-1] INFO  o.s.w.s.m.m.a.RequestMappingHandlerMapping - Mapped "{[/admin/],methods=[GET]}" onto public java.lang.String de.mw.mwdata.app.admin.angwebrest.controller.IndexController.getIndexPage() 
08:23:57.972 [localhost-startStop-1] INFO  o.s.w.s.m.m.a.RequestMappingHandlerMapping - Mapped "{[/admin/**/tabDef/],methods=[GET]}" onto public org.springframework.http.ResponseEntity<de.mw.mwdata.ui.UiEntityList> de.mw.mwdata.core.web.control.AngWebRestController.listAllTabDefs() 
08:23:59.803 [localhost-startStop-1] INFO  o.s.w.s.m.m.a.RequestMappingHandlerAdapter - Looking for @ControllerAdvice: WebApplicationContext for namespace 'admin-servlet': startup date [Wed Aug 09 08:23:57 CEST 2017]; parent: Root WebApplicationContext 
08:23:59.929 [localhost-startStop-1] INFO  o.s.w.s.m.m.a.RequestMappingHandlerAdapter - Looking for @ControllerAdvice: WebApplicationContext for namespace 'admin-servlet': startup date [Wed Aug 09 08:23:57 CEST 2017]; parent: Root WebApplicationContext 
08:24:01.235 [localhost-startStop-1] ERROR d.m.m.c.o.c.ViewConfigFactoryBean - No maxlength defined for DBType: DATETIME, tabSpeig: AngelegtAm 
08:24:01.235 [localhost-startStop-1] ERROR d.m.m.c.o.c.ViewConfigFactoryBean - No maxlength defined for DBType: LONGINTEGER, tabSpeig: BereichsId 
08:24:01.235 [localhost-startStop-1] ERROR d.m.m.c.o.c.ViewConfigFactoryBean - No maxlength defined for DBType: BOOLEAN, tabSpeig: AdminAutoZuweis 
08:24:01.239 [localhost-startStop-1] ERROR d.m.m.c.o.c.ViewConfigFactoryBean - No maxlength defined for DBType: BOOLEAN, tabSpeig: AlleDs 
08:24:01.244 [localhost-startStop-1] ERROR d.m.m.c.o.c.ViewConfigFactoryBean - No maxlength defined for DBType: DATETIME, tabSpeig: zuletztGeaendertAm 
08:24:01.249 [localhost-startStop-1] ERROR d.m.m.c.o.c.ViewConfigFactoryBean - No maxlength defined for DBType: BOOLEAN, tabSpeig: bearbeiten 
08:24:01.254 [localhost-startStop-1] ERROR d.m.m.c.o.c.ViewConfigFactoryBean - No maxlength defined for DBType: BOOLEAN, tabSpeig: Vergebbar 
08:24:01.274 [localhost-startStop-1] ERROR d.m.m.c.o.c.ViewConfigFactoryBean - No maxlength defined for DBType: BOOLEAN, tabSpeig: exportieren 
08:24:01.274 [localhost-startStop-1] ERROR d.m.m.c.o.c.ViewConfigFactoryBean - No maxlength defined for DBType: BOOLEAN, tabSpeig: berechnen 
08:24:01.284 [localhost-startStop-1] ERROR d.m.m.c.o.c.ViewConfigFactoryBean - No maxlength defined for DBType: LONGINTEGER, tabSpeig: AngelegtVon 
08:24:01.284 [localhost-startStop-1] ERROR d.m.m.c.o.c.ViewConfigFactoryBean - No maxlength defined for DBType: LONGINTEGER, tabSpeig: TransaktionsID 
08:24:01.294 [localhost-startStop-1] ERROR d.m.m.c.o.c.ViewConfigFactoryBean - No maxlength defined for DBType: BOOLEAN, tabSpeig: abrechnen 
08:24:01.294 [localhost-startStop-1] ERROR d.m.m.c.o.c.ViewConfigFactoryBean - No maxlength defined for DBType: BOOLEAN, tabSpeig: loeschen 
08:24:01.304 [localhost-startStop-1] ERROR d.m.m.c.o.c.ViewConfigFactoryBean - No maxlength defined for DBType: BOOLEAN, tabSpeig: stornieren 
08:24:01.304 [localhost-startStop-1] ERROR d.m.m.c.o.c.ViewConfigFactoryBean - No maxlength defined for DBType: BOOLEAN, tabSpeig: lesen 
08:24:01.314 [localhost-startStop-1] ERROR d.m.m.c.o.c.ViewConfigFactoryBean - No maxlength defined for DBType: BOOLEAN, tabSpeig: importieren 
08:24:01.314 [localhost-startStop-1] ERROR d.m.m.c.o.c.ViewConfigFactoryBean - No maxlength defined for DBType: BOOLEAN, tabSpeig: Unterschrift2 
08:24:01.314 [localhost-startStop-1] ERROR d.m.m.c.o.c.ViewConfigFactoryBean - No maxlength defined for DBType: LONGINTEGER, tabSpeig: zuletztBearbeitetVon 
08:24:01.324 [localhost-startStop-1] ERROR d.m.m.c.o.c.ViewConfigFactoryBean - No maxlength defined for DBType: BOOLEAN, tabSpeig: Unterschrift1 
08:24:01.324 [localhost-startStop-1] ERROR d.m.m.c.o.c.ViewConfigFactoryBean - No maxlength defined for DBType: BOOLEAN, tabSpeig: Unterschrift3 
08:24:01.334 [localhost-startStop-1] ERROR d.m.m.c.o.c.ViewConfigFactoryBean - No maxlength defined for DBType: BOOLEAN, tabSpeig: hinzufuegen 
08:24:01.334 [localhost-startStop-1] ERROR d.m.m.c.o.c.ViewConfigFactoryBean - No maxlength defined for DBType: LONGINTEGER, tabSpeig: ImportID 
08:24:01.344 [localhost-startStop-1] ERROR d.m.m.c.o.c.ViewConfigFactoryBean - No maxlength defined for DBType: BOOLEAN, tabSpeig: verschluesseln 
08:24:01.751 [localhost-startStop-1] ERROR d.m.m.c.o.c.ViewConfigFactoryBean - No maxlength defined for DBType: BOOLEAN, tabSpeig: System 
08:24:01.751 [localhost-startStop-1] ERROR d.m.m.c.o.c.ViewConfigFactoryBean - No maxlength defined for DBType: LONGINTEGER, tabSpeig: ErgTabFuerAbrechnung 
08:24:01.751 [localhost-startStop-1] ERROR d.m.m.c.o.c.ViewConfigFactoryBean - No maxlength defined for DBType: DATETIME, tabSpeig: angelegtAm 
08:24:01.761 [localhost-startStop-1] ERROR d.m.m.c.o.c.ViewConfigFactoryBean - No maxlength defined for DBType: LONGINTEGER, tabSpeig: BereichsId 
08:24:01.903 [localhost-startStop-1] ERROR d.m.m.c.o.c.ViewConfigFactoryBean - No maxlength defined for DBType: LONGINTEGER, tabSpeig: Abfrage 
08:24:01.905 [localhost-startStop-1] ERROR d.m.m.c.o.c.ViewConfigFactoryBean - No maxlength defined for DBType: LONGINTEGER, tabSpeig: Abrechnungsrelevant 
08:24:01.906 [localhost-startStop-1] ERROR d.m.m.c.o.c.ViewConfigFactoryBean - No maxlength defined for DBType: LONGINTEGER, tabSpeig: Hierarchie 
08:24:01.912 [localhost-startStop-1] ERROR d.m.m.c.o.c.ViewConfigFactoryBean - No maxlength defined for DBType: LONGINTEGER, tabSpeig: DSID 
08:24:01.917 [localhost-startStop-1] ERROR d.m.m.c.o.c.ViewConfigFactoryBean - No maxlength defined for DBType: LONGINTEGER, tabSpeig: Systemtabelle 
08:24:01.921 [localhost-startStop-1] ERROR d.m.m.c.o.c.ViewConfigFactoryBean - No maxlength defined for DBType: LONGINTEGER, tabSpeig: StornoID 
08:24:01.942 [localhost-startStop-1] ERROR d.m.m.c.o.c.ViewConfigFactoryBean - No maxlength defined for DBType: STRING, tabSpeig: fullClassName 
08:24:01.942 [localhost-startStop-1] ERROR d.m.m.c.o.c.ViewConfigFactoryBean - No maxlength defined for DBType: LONGINTEGER, tabSpeig: AbrechnungsID 
08:24:01.952 [localhost-startStop-1] ERROR d.m.m.c.o.c.ViewConfigFactoryBean - No maxlength defined for DBType: LONGINTEGER, tabSpeig: DSIDMax 
08:24:02.343 [localhost-startStop-1] ERROR d.m.m.c.o.c.ViewConfigFactoryBean - No maxlength defined for DBType: BOOLEAN, tabSpeig: System 
08:24:02.343 [localhost-startStop-1] ERROR d.m.m.c.o.c.ViewConfigFactoryBean - No maxlength defined for DBType: DATETIME, tabSpeig: angelegtAm 
08:24:02.343 [localhost-startStop-1] ERROR d.m.m.c.o.c.ViewConfigFactoryBean - No maxlength defined for DBType: BOOLEAN, tabSpeig: PS 
08:24:02.343 [localhost-startStop-1] ERROR d.m.m.c.o.c.ViewConfigFactoryBean - No maxlength defined for DBType: LONGINTEGER, tabSpeig: DSID 
08:24:02.343 [localhost-startStop-1] ERROR d.m.m.c.o.c.ViewConfigFactoryBean - No maxlength defined for DBType: LONGINTEGER, tabSpeig: AenderungNachVerriegelung 
08:24:02.343 [localhost-startStop-1] ERROR d.m.m.c.o.c.ViewConfigFactoryBean - No maxlength defined for DBType: BOOLEAN, tabSpeig: EingabeNotwendig 
08:24:02.343 [localhost-startStop-1] ERROR d.m.m.c.o.c.ViewConfigFactoryBean - No maxlength defined for DBType: LONGINTEGER, tabSpeig: Eindeutig 
08:24:02.343 [localhost-startStop-1] ERROR d.m.m.c.o.c.ViewConfigFactoryBean - No maxlength defined for DBType: LONGINTEGER, tabSpeig: Reihenfolge 
08:24:02.343 [localhost-startStop-1] ERROR d.m.m.c.o.c.ViewConfigFactoryBean - No maxlength defined for DBType: BOOLEAN, tabSpeig: BearbErlaubt 
08:24:02.343 [localhost-startStop-1] ERROR d.m.m.c.o.c.ViewConfigFactoryBean - No maxlength defined for DBType: BOOLEAN, tabSpeig: SystemWert 
08:24:02.343 [localhost-startStop-1] ERROR d.m.m.c.o.c.ViewConfigFactoryBean - No maxlength defined for DBType: LONGINTEGER, tabSpeig: TabDefId 
08:24:03.116 [localhost-startStop-1] ERROR d.m.m.c.o.c.ViewConfigFactoryBean - No maxlength defined for DBType: BOOLEAN, tabSpeig: System 
08:24:03.118 [localhost-startStop-1] ERROR d.m.m.c.o.c.ViewConfigFactoryBean - No maxlength defined for DBType: BYTE, tabSpeig: AnzahlSpaltenFixiert 
08:24:03.119 [localhost-startStop-1] ERROR d.m.m.c.o.c.ViewConfigFactoryBean - No maxlength defined for DBType: LONGINTEGER, tabSpeig: EntfernenMehrfach 
08:24:03.119 [localhost-startStop-1] ERROR d.m.m.c.o.c.ViewConfigFactoryBean - No maxlength defined for DBType: DATETIME, tabSpeig: AngelegtAm 
08:24:03.120 [localhost-startStop-1] ERROR d.m.m.c.o.c.ViewConfigFactoryBean - No maxlength defined for DBType: LONGINTEGER, tabSpeig: Detailansicht 
08:24:03.120 [localhost-startStop-1] ERROR d.m.m.c.o.c.ViewConfigFactoryBean - No maxlength defined for DBType: LONGINTEGER, tabSpeig: HeuteGueltigBeiStart 
08:24:03.122 [localhost-startStop-1] ERROR d.m.m.c.o.c.ViewConfigFactoryBean - No maxlength defined for DBType: STRING, tabSpeig: urlPath 
08:24:03.123 [localhost-startStop-1] ERROR d.m.m.c.o.c.ViewConfigFactoryBean - No maxlength defined for DBType: LONGINTEGER, tabSpeig: DSID 
08:24:03.124 [localhost-startStop-1] ERROR d.m.m.c.o.c.ViewConfigFactoryBean - No maxlength defined for DBType: LONGINTEGER, tabSpeig: Bearbeiten 
08:24:03.124 [localhost-startStop-1] ERROR d.m.m.c.o.c.ViewConfigFactoryBean - No maxlength defined for DBType: LONGINTEGER, tabSpeig: Entfernen 
08:24:03.125 [localhost-startStop-1] ERROR d.m.m.c.o.c.ViewConfigFactoryBean - No maxlength defined for DBType: LONGINTEGER, tabSpeig: Exportieren 
08:24:03.126 [localhost-startStop-1] ERROR d.m.m.c.o.c.ViewConfigFactoryBean - No maxlength defined for DBType: LONGINTEGER, tabSpeig: Kopieren 
08:24:03.127 [localhost-startStop-1] ERROR d.m.m.c.o.c.ViewConfigFactoryBean - No maxlength defined for DBType: LONGINTEGER, tabSpeig: Filter 
08:24:03.127 [localhost-startStop-1] ERROR d.m.m.c.o.c.ViewConfigFactoryBean - No maxlength defined for DBType: LONGINTEGER, tabSpeig: Sortieren 
08:24:03.128 [localhost-startStop-1] ERROR d.m.m.c.o.c.ViewConfigFactoryBean - No maxlength defined for DBType: LONGINTEGER, tabSpeig: Stornieren 
08:24:03.129 [localhost-startStop-1] ERROR d.m.m.c.o.c.ViewConfigFactoryBean - No maxlength defined for DBType: LONGINTEGER, tabSpeig: Lesen 
08:24:03.129 [localhost-startStop-1] ERROR d.m.m.c.o.c.ViewConfigFactoryBean - No maxlength defined for DBType: LONGINTEGER, tabSpeig: nDSXAnzeigen 
08:24:03.130 [localhost-startStop-1] ERROR d.m.m.c.o.c.ViewConfigFactoryBean - No maxlength defined for DBType: LONGINTEGER, tabSpeig: Importieren 
08:24:03.131 [localhost-startStop-1] ERROR d.m.m.c.o.c.ViewConfigFactoryBean - No maxlength defined for DBType: LONGINTEGER, tabSpeig: Hinzufuegen 
08:24:03.642 [localhost-startStop-1] ERROR d.m.m.c.o.c.ViewConfigFactoryBean - No maxlength defined for DBType: LONGINTEGER, tabSpeig: Hoehe 
08:24:03.642 [localhost-startStop-1] ERROR d.m.m.c.o.c.ViewConfigFactoryBean - No maxlength defined for DBType: BOOLEAN, tabSpeig: System 
08:24:03.642 [localhost-startStop-1] ERROR d.m.m.c.o.c.ViewConfigFactoryBean - No maxlength defined for DBType: DATETIME, tabSpeig: angelegtAm 
08:24:03.642 [localhost-startStop-1] ERROR d.m.m.c.o.c.ViewConfigFactoryBean - No maxlength defined for DBType: LONGINTEGER, tabSpeig: IndexGrid 
08:24:03.642 [localhost-startStop-1] ERROR d.m.m.c.o.c.ViewConfigFactoryBean - No maxlength defined for DBType: LONGINTEGER, tabSpeig: Links 
08:24:03.642 [localhost-startStop-1] ERROR d.m.m.c.o.c.ViewConfigFactoryBean - No maxlength defined for DBType: LONGINTEGER, tabSpeig: IndexBearb 
08:24:03.642 [localhost-startStop-1] ERROR d.m.m.c.o.c.ViewConfigFactoryBean - No maxlength defined for DBType: LONGINTEGER, tabSpeig: DSID 
08:24:03.642 [localhost-startStop-1] ERROR d.m.m.c.o.c.ViewConfigFactoryBean - No maxlength defined for DBType: LONGINTEGER, tabSpeig: BearbHinZufZugelassen 
08:24:03.642 [localhost-startStop-1] ERROR d.m.m.c.o.c.ViewConfigFactoryBean - No maxlength defined for DBType: LONGINTEGER, tabSpeig: BearbZugelassen 
08:24:03.642 [localhost-startStop-1] ERROR d.m.m.c.o.c.ViewConfigFactoryBean - No maxlength defined for DBType: LONGINTEGER, tabSpeig: Oben 
08:24:03.642 [localhost-startStop-1] ERROR d.m.m.c.o.c.ViewConfigFactoryBean - No maxlength defined for DBType: BYTE, tabSpeig: AnzahlNachkommastellen 
08:24:03.652 [localhost-startStop-1] ERROR d.m.m.c.o.c.ViewConfigFactoryBean - No maxlength defined for DBType: LONGINTEGER, tabSpeig: EingabeNotwendig 
08:24:03.652 [localhost-startStop-1] ERROR d.m.m.c.o.c.ViewConfigFactoryBean - No maxlength defined for DBType: LONGINTEGER, tabSpeig: Filter 
08:24:03.652 [localhost-startStop-1] ERROR d.m.m.c.o.c.ViewConfigFactoryBean - No maxlength defined for DBType: LONGINTEGER, tabSpeig: Breite 
08:24:03.652 [localhost-startStop-1] ERROR d.m.m.c.o.c.ViewConfigFactoryBean - No maxlength defined for DBType: SINGLE, tabSpeig: Faktor 
08:24:03.652 [localhost-startStop-1] ERROR d.m.m.c.o.c.ViewConfigFactoryBean - No maxlength defined for DBType: LONGINTEGER, tabSpeig: InGridAnzeigen 
08:24:03.652 [localhost-startStop-1] ERROR d.m.m.c.o.c.ViewConfigFactoryBean - No maxlength defined for DBType: LONGINTEGER, tabSpeig: LabelIndex 
08:24:03.652 [localhost-startStop-1] ERROR d.m.m.c.o.c.ViewConfigFactoryBean - No maxlength defined for DBType: LONGINTEGER, tabSpeig: InGridLaden 
08:24:05.841 [localhost-startStop-1] ERROR d.m.m.c.o.c.ViewConfigFactoryBean - No maxlength defined for DBType: BOOLEAN, tabSpeig: System 
08:24:05.843 [localhost-startStop-1] ERROR d.m.m.c.o.c.ViewConfigFactoryBean - No maxlength defined for DBType: LONGINTEGER, tabSpeig: HauptMenueId 
08:24:06.072 [localhost-startStop-1] ERROR d.m.m.c.o.c.ViewConfigFactoryBean - No maxlength defined for DBType: DATETIME, tabSpeig: angelegtAm 
08:24:06.072 [localhost-startStop-1] ERROR d.m.m.c.o.c.ViewConfigFactoryBean - No maxlength defined for DBType: LONGINTEGER, tabSpeig: BereichsId 
08:24:06.132 [localhost-startStop-1] ERROR d.m.m.c.o.c.ViewConfigFactoryBean - No maxlength defined for DBType: STRING, tabSpeig: urlPath 
08:24:06.142 [localhost-startStop-1] ERROR d.m.m.c.o.c.ViewConfigFactoryBean - No maxlength defined for DBType: LONGINTEGER, tabSpeig: DSID 
08:24:06.142 [localhost-startStop-1] ERROR d.m.m.c.o.c.ViewConfigFactoryBean - No maxlength defined for DBType: LONGINTEGER, tabSpeig: MenueID 
08:24:06.142 [localhost-startStop-1] ERROR d.m.m.c.o.c.ViewConfigFactoryBean - No maxlength defined for DBType: LONGINTEGER, tabSpeig: Ebene 
08:24:06.142 [localhost-startStop-1] ERROR d.m.m.c.o.c.ViewConfigFactoryBean - No maxlength defined for DBType: LONGINTEGER, tabSpeig: AnsichtDefId 
08:24:06.222 [localhost-startStop-1] ERROR d.m.m.c.o.c.ViewConfigFactoryBean - No maxlength defined for DBType: BOOLEAN, tabSpeig: aktiv 
08:24:06.222 [localhost-startStop-1] ERROR d.m.m.c.o.c.ViewConfigFactoryBean - No maxlength defined for DBType: LONGINTEGER, tabSpeig: NichtAnzeigen 
08:24:06.242 [localhost-startStop-1] INFO  o.s.w.s.m.m.a.RequestMappingHandlerAdapter - Looking for @ControllerAdvice: WebApplicationContext for namespace 'admin-servlet': startup date [Wed Aug 09 08:23:57 CEST 2017]; parent: Root WebApplicationContext 
08:24:06.242 [localhost-startStop-1] INFO  o.s.w.s.m.m.a.RequestMappingHandlerMapping - Mapped "{[/admin/],methods=[GET]}" onto public java.lang.String de.mw.mwdata.app.admin.angwebrest.controller.IndexController.getIndexPage() 
08:24:06.242 [localhost-startStop-1] INFO  o.s.w.s.m.m.a.RequestMappingHandlerMapping - Mapped "{[/admin/**/tabDef/],methods=[GET]}" onto public org.springframework.http.ResponseEntity<de.mw.mwdata.ui.UiEntityList> de.mw.mwdata.core.web.control.AngWebRestController.listAllTabDefs() 
08:24:06.626 [localhost-startStop-1] INFO  o.s.web.servlet.DispatcherServlet - FrameworkServlet 'admin': initialization completed in 9343 ms 
11:12:08.860 [http-bio-8080-exec-2] INFO  d.m.m.c.w.n.CrudNavigationManager - Url has changed. New Url: admin 
14:48:03.006 [localhost-startStop-2] INFO  o.s.w.c.s.XmlWebApplicationContext - Closing WebApplicationContext for namespace 'admin-servlet': startup date [Wed Aug 09 08:23:57 CEST 2017]; parent: Root WebApplicationContext 
14:48:03.097 [localhost-startStop-2] INFO  o.s.w.c.s.XmlWebApplicationContext - Closing Root WebApplicationContext: startup date [Wed Aug 09 08:23:52 CEST 2017]; root of context hierarchy 
