1453966123258|-1||debug||com.p6spy.engine.common.P6SpyOptions reloading properties
1453966123271|-1||info||Using properties file: C:\dev_hm\src\mwdata\modules\common-testframework\target\classes\spy.properties
1453966123272|-1||info||No value in environment for: getStackTrace, using: false
1453966123272|-1||info||No value in environment for: getExclude, using: 
1453966123272|-1||info||No value in environment for: getInclude, using: 
1453966123273|-1||info||No value in environment for: getFilter, using: false
1453966123273|-1||info||No value in environment for: getRealDataSource, using: null
1453966123273|-1||info||No value in environment for: getJNDIContextFactory, using: null
1453966123273|-1||info||No value in environment for: getJNDIContextProviderURL, using: null
1453966123273|-1||info||No value in environment for: getJNDIContextCustom, using: null
1453966123273|-1||info||No value in environment for: getRealDataSourceProperties, using: null
1453966123273|-1||info||No value in environment for: getAppender, using: com.p6spy.engine.logging.appender.Log4jLogger
1453966123273|-1||info||No value in environment for: getAppend, using: true
1453966123273|-1||info||No value in environment for: getDeregisterDrivers, using: false
1453966123274|-1||info||No value in environment for: getExecutionThreshold, using: 0
1453966123274|-1||info||No value in environment for: getExcludecategories, using: info,debug,result,batch,resultset,prepared
1453966123274|-1||info||No value in environment for: getIncludecategories, using: 
1453966123274|-1||info||No value in environment for: getRealdriver2, using: oracle.jdbc.driver.OracleDriver
1453966123274|-1||info||No value in environment for: getRealdriver3, using: 
1453966123274|-1||info||No value in environment for: getDateformatter, using: null
1453966123274|-1||info||No value in environment for: getStringmatcher, using: com.p6spy.engine.common.SubstringMatcher
1453966123274|-1||info||No value in environment for: getStringMatcherEngine, using: com.p6spy.engine.common.SubstringMatcher@c0a3ed1
1453966123275|-1||info||No value in environment for: getStackTraceClass, using: 
1453966123275|-1||info||No value in environment for: getSQLExpression, using: null
1453966123275|-1||info||No value in environment for: getReloadProperties, using: false
1453966123275|-1||info||No value in environment for: getReloadPropertiesInterval, using: 60
1453966123275|-1||info||No value in environment for: getRealDataSourceClass, using: null
1453966123275|-1||info||No value in environment for: getUsePrefix, using: false
1453966123275|-1||info||No value in environment for: getAutoflush, using: true
1453966123275|-1||info||No value in environment for: getLogfile, using: spy.log
1453966123275|-1||info||No value in environment for: getRealdriver, using: org.hsqldb.jdbcDriver
1453966123276|-1||info||No value in environment for: getSpydriver, using: com.p6spy.engine.spy.P6SpyDriver
1453966123276|-1||info||No value in environment for: getDateformat, using: 
